{"C:\\Users\\LENOVO PC\\Documents\\Andela\\GitExercise\\bootcamp24\\postIt\\server\\app.js":{"path":"C:\\Users\\LENOVO PC\\Documents\\Andela\\GitExercise\\bootcamp24\\postIt\\server\\app.js","s":{"1":1,"2":1,"3":1,"4":1,"5":1,"6":1,"7":1,"8":1,"9":1,"10":1,"11":4,"12":1,"13":1,"14":1,"15":1,"16":0,"17":1,"18":1,"19":1,"20":1,"21":1},"b":{"1":[1,3],"2":[4,4],"3":[0,1],"4":[1,1]},"f":{"1":4,"2":1},"fnMap":{"1":{"name":"_interopRequireDefault","line":0,"loc":{"start":{"line":0,"column":0},"end":{"line":0,"column":0}},"skip":true},"2":{"name":"(anonymous_2)","line":20,"loc":{"start":{"line":20,"column":17},"end":{"line":20,"column":23}}}},"statementMap":{"1":{"start":{"line":0,"column":0},"end":{"line":0,"column":0},"skip":true},"2":{"start":{"line":2,"column":0},"end":{"line":null,"column":null}},"3":{"start":{"line":0,"column":0},"end":{"line":0,"column":0},"skip":true},"4":{"start":{"line":3,"column":0},"end":{"line":null,"column":null}},"5":{"start":{"line":0,"column":0},"end":{"line":0,"column":0},"skip":true},"6":{"start":{"line":4,"column":0},"end":{"line":null,"column":null}},"7":{"start":{"line":0,"column":0},"end":{"line":0,"column":0},"skip":true},"8":{"start":{"line":5,"column":0},"end":{"line":null,"column":null}},"9":{"start":{"line":0,"column":0},"end":{"line":0,"column":0},"skip":true},"10":{"start":{"line":0,"column":0},"end":{"line":0,"column":0},"skip":true},"11":{"start":{"line":0,"column":0},"end":{"line":0,"column":0},"skip":true},"12":{"start":{"line":7,"column":0},"end":{"line":null,"column":null}},"13":{"start":{"line":9,"column":0},"end":{"line":null,"column":null}},"14":{"start":{"line":10,"column":0},"end":{"line":null,"column":null}},"15":{"start":{"line":12,"column":0},"end":{"line":null,"column":null}},"16":{"start":{"line":13,"column":6},"end":{"line":null,"column":null},"skip":true},"17":{"start":{"line":16,"column":0},"end":{"line":null,"column":null}},"18":{"start":{"line":18,"column":0},"end":{"line":null,"column":null}},"19":{"start":{"line":20,"column":0},"end":{"line":null,"column":null}},"20":{"start":{"line":21,"column":10},"end":{"line":null,"column":null}},"21":{"start":{"line":24,"column":15},"end":{"line":null,"column":null}}},"branchMap":{"1":{"line":0,"type":"cond-expr","locations":[{"start":{"line":0,"column":0},"end":{"line":0,"column":0},"skip":true},{"start":{"line":0,"column":0},"end":{"line":0,"column":0},"skip":true}]},"2":{"line":0,"type":"binary-expr","locations":[{"start":{"line":0,"column":0},"end":{"line":0,"column":0},"skip":true},{"start":{"line":0,"column":0},"end":{"line":0,"column":0},"skip":true}]},"3":{"line":12,"type":"if","locations":[{"start":{"line":12,"column":0},"end":{"line":12,"column":0}},{"start":{"line":12,"column":0},"end":{"line":12,"column":0}}]},"4":{"line":18,"type":"binary-expr","locations":[{"start":{"line":18,"column":13},"end":{"line":18,"column":13}},{"start":{"line":18,"column":33},"end":{"line":18,"column":0}}]}}},"C:\\Users\\LENOVO PC\\Documents\\Andela\\GitExercise\\bootcamp24\\postIt\\server\\routes\\index.js":{"path":"C:\\Users\\LENOVO PC\\Documents\\Andela\\GitExercise\\bootcamp24\\postIt\\server\\routes\\index.js","s":{"1":1,"2":1,"3":1,"4":1,"5":1,"6":1,"7":1,"8":1,"9":1,"10":1,"11":1,"12":1,"13":1,"14":1,"15":1,"16":1,"17":1,"18":1,"19":1,"20":1,"21":1},"b":{"1":[1,0],"2":[1,1]},"f":{"1":1,"2":1,"3":1},"fnMap":{"1":{"name":"_interopRequireDefault","line":0,"loc":{"start":{"line":0,"column":0},"end":{"line":0,"column":0}},"skip":true},"2":{"name":"routes","line":7,"loc":{"start":{"line":7,"column":15},"end":{"line":7,"column":24}}},"3":{"name":"(anonymous_3)","line":9,"loc":{"start":{"line":9,"column":21},"end":{"line":null,"column":null}}}},"statementMap":{"1":{"start":{"line":0,"column":0},"end":{"line":0,"column":0},"skip":true},"2":{"start":{"line":1,"column":0},"end":{"line":null,"column":null}},"3":{"start":{"line":0,"column":0},"end":{"line":0,"column":0},"skip":true},"4":{"start":{"line":0,"column":0},"end":{"line":0,"column":0},"skip":true},"5":{"start":{"line":0,"column":0},"end":{"line":0,"column":0},"skip":true},"6":{"start":{"line":3,"column":0},"end":{"line":null,"column":null}},"7":{"start":{"line":4,"column":0},"end":{"line":null,"column":null}},"8":{"start":{"line":5,"column":0},"end":{"line":null,"column":null}},"9":{"start":{"line":7,"column":0},"end":{"line":null,"column":null}},"10":{"start":{"line":9,"column":6},"end":{"line":null,"column":null}},"11":{"start":{"line":9,"column":35},"end":{"line":null,"column":null}},"12":{"start":{"line":12,"column":6},"end":{"line":null,"column":null}},"13":{"start":{"line":13,"column":6},"end":{"line":null,"column":null}},"14":{"start":{"line":14,"column":6},"end":{"line":null,"column":null}},"15":{"start":{"line":15,"column":6},"end":{"line":null,"column":null}},"16":{"start":{"line":16,"column":6},"end":{"line":null,"column":null}},"17":{"start":{"line":17,"column":6},"end":{"line":null,"column":null}},"18":{"start":{"line":18,"column":6},"end":{"line":null,"column":null}},"19":{"start":{"line":19,"column":6},"end":{"line":null,"column":null}},"20":{"start":{"line":20,"column":6},"end":{"line":null,"column":null}},"21":{"start":{"line":24,"column":15},"end":{"line":null,"column":null}}},"branchMap":{"1":{"line":0,"type":"cond-expr","locations":[{"start":{"line":0,"column":0},"end":{"line":0,"column":0},"skip":true},{"start":{"line":0,"column":0},"end":{"line":0,"column":0},"skip":true}]},"2":{"line":0,"type":"binary-expr","locations":[{"start":{"line":0,"column":0},"end":{"line":0,"column":0},"skip":true},{"start":{"line":0,"column":0},"end":{"line":0,"column":0},"skip":true}]}}},"C:\\Users\\LENOVO PC\\Documents\\Andela\\GitExercise\\bootcamp24\\postIt\\server\\controllers\\index.js":{"path":"C:\\Users\\LENOVO PC\\Documents\\Andela\\GitExercise\\bootcamp24\\postIt\\server\\controllers\\index.js","s":{"1":1,"2":1,"3":1,"4":1,"5":1,"6":1,"7":1,"8":1,"9":3,"10":1},"b":{"1":[3,0],"2":[3,3]},"f":{"1":3},"fnMap":{"1":{"name":"_interopRequireDefault","line":0,"loc":{"start":{"line":0,"column":0},"end":{"line":0,"column":0}},"skip":true}},"statementMap":{"1":{"start":{"line":0,"column":0},"end":{"line":0,"column":0},"skip":true},"2":{"start":{"line":2,"column":0},"end":{"line":null,"column":null}},"3":{"start":{"line":0,"column":0},"end":{"line":0,"column":0},"skip":true},"4":{"start":{"line":3,"column":0},"end":{"line":null,"column":null}},"5":{"start":{"line":0,"column":0},"end":{"line":0,"column":0},"skip":true},"6":{"start":{"line":4,"column":0},"end":{"line":null,"column":null}},"7":{"start":{"line":0,"column":0},"end":{"line":0,"column":0},"skip":true},"8":{"start":{"line":0,"column":0},"end":{"line":0,"column":0},"skip":true},"9":{"start":{"line":0,"column":0},"end":{"line":0,"column":0},"skip":true},"10":{"start":{"line":6,"column":15},"end":{"line":null,"column":null}}},"branchMap":{"1":{"line":0,"type":"cond-expr","locations":[{"start":{"line":0,"column":0},"end":{"line":0,"column":0},"skip":true},{"start":{"line":0,"column":0},"end":{"line":0,"column":0},"skip":true}]},"2":{"line":0,"type":"binary-expr","locations":[{"start":{"line":0,"column":0},"end":{"line":0,"column":0},"skip":true},{"start":{"line":0,"column":0},"end":{"line":0,"column":0},"skip":true}]}}},"C:\\Users\\LENOVO PC\\Documents\\Andela\\GitExercise\\bootcamp24\\postIt\\server\\controllers\\users.js":{"path":"C:\\Users\\LENOVO PC\\Documents\\Andela\\GitExercise\\bootcamp24\\postIt\\server\\controllers\\users.js","s":{"1":1,"2":1,"3":1,"4":1,"5":1,"6":1,"7":2,"8":1,"9":1,"10":1,"11":1,"12":2,"13":2,"14":1,"15":1,"16":1,"17":0,"18":0,"19":3,"20":3,"21":1,"22":2,"23":1,"24":1,"25":0,"26":1,"27":1,"28":0},"b":{"1":[1,1],"2":[2,2],"3":[1,1],"4":[1,2],"5":[1,1]},"f":{"1":2,"2":2,"3":2,"4":1,"5":0,"6":0,"7":3,"8":3,"9":0,"10":1,"11":1,"12":0},"fnMap":{"1":{"name":"_interopRequireDefault","line":0,"loc":{"start":{"line":0,"column":0},"end":{"line":0,"column":0}},"skip":true},"2":{"name":"signup","line":11,"loc":{"start":{"line":11,"column":9},"end":{"line":11,"column":19}}},"3":{"name":"(anonymous_3)","line":17,"loc":{"start":{"line":17,"column":13},"end":{"line":17,"column":27}}},"4":{"name":"(anonymous_4)","line":28,"loc":{"start":{"line":28,"column":19},"end":{"line":28,"column":29}}},"5":{"name":"(anonymous_5)","line":33,"loc":{"start":{"line":33,"column":19},"end":{"line":null,"column":null}}},"6":{"name":"(anonymous_6)","line":35,"loc":{"start":{"line":35,"column":15},"end":{"line":null,"column":null}}},"7":{"name":"login","line":39,"loc":{"start":{"line":39,"column":8},"end":{"line":39,"column":18}}},"8":{"name":"(anonymous_8)","line":43,"loc":{"start":{"line":43,"column":13},"end":{"line":43,"column":22}}},"9":{"name":"(anonymous_9)","line":52,"loc":{"start":{"line":52,"column":13},"end":{"line":null,"column":null}}},"10":{"name":"list","line":56,"loc":{"start":{"line":56,"column":7},"end":{"line":56,"column":17}}},"11":{"name":"(anonymous_11)","line":64,"loc":{"start":{"line":64,"column":12},"end":{"line":null,"column":null}}},"12":{"name":"(anonymous_12)","line":65,"loc":{"start":{"line":65,"column":13},"end":{"line":null,"column":null}}}},"statementMap":{"1":{"start":{"line":0,"column":0},"end":{"line":0,"column":0},"skip":true},"2":{"start":{"line":2,"column":0},"end":{"line":null,"column":null}},"3":{"start":{"line":0,"column":0},"end":{"line":0,"column":0},"skip":true},"4":{"start":{"line":3,"column":0},"end":{"line":null,"column":null}},"5":{"start":{"line":0,"column":0},"end":{"line":0,"column":0},"skip":true},"6":{"start":{"line":0,"column":0},"end":{"line":0,"column":0},"skip":true},"7":{"start":{"line":0,"column":0},"end":{"line":0,"column":0},"skip":true},"8":{"start":{"line":5,"column":0},"end":{"line":null,"column":null}},"9":{"start":{"line":6,"column":0},"end":{"line":null,"column":null}},"10":{"start":{"line":7,"column":0},"end":{"line":null,"column":null}},"11":{"start":{"line":9,"column":15},"end":{"line":null,"column":null}},"12":{"start":{"line":12,"column":11},"end":{"line":11,"column":19}},"13":{"start":{"line":18,"column":12},"end":{"line":17,"column":27}},"14":{"start":{"line":19,"column":14},"end":{"line":null,"column":null}},"15":{"start":{"line":22,"column":17},"end":{"line":null,"column":null}},"16":{"start":{"line":29,"column":18},"end":{"line":28,"column":29}},"17":{"start":{"line":33,"column":28},"end":{"line":null,"column":null}},"18":{"start":{"line":35,"column":24},"end":{"line":null,"column":null}},"19":{"start":{"line":40,"column":11},"end":{"line":null,"column":null}},"20":{"start":{"line":44,"column":9},"end":{"line":43,"column":22}},"21":{"start":{"line":45,"column":12},"end":{"line":null,"column":null}},"22":{"start":{"line":46,"column":12},"end":{"line":43,"column":22}},"23":{"start":{"line":47,"column":12},"end":{"line":null,"column":null}},"24":{"start":{"line":50,"column":12},"end":{"line":null,"column":null}},"25":{"start":{"line":52,"column":22},"end":{"line":null,"column":null}},"26":{"start":{"line":57,"column":11},"end":{"line":null,"column":null}},"27":{"start":{"line":64,"column":20},"end":{"line":null,"column":null}},"28":{"start":{"line":65,"column":22},"end":{"line":null,"column":null}}},"branchMap":{"1":{"line":0,"type":"cond-expr","locations":[{"start":{"line":0,"column":0},"end":{"line":0,"column":0},"skip":true},{"start":{"line":0,"column":0},"end":{"line":0,"column":0},"skip":true}]},"2":{"line":0,"type":"binary-expr","locations":[{"start":{"line":0,"column":0},"end":{"line":0,"column":0},"skip":true},{"start":{"line":0,"column":0},"end":{"line":0,"column":0},"skip":true}]},"3":{"line":18,"type":"if","locations":[{"start":{"line":18,"column":12},"end":{"line":18,"column":12}},{"start":{"line":18,"column":12},"end":{"line":18,"column":12}}]},"4":{"line":44,"type":"if","locations":[{"start":{"line":44,"column":9},"end":{"line":44,"column":9}},{"start":{"line":44,"column":9},"end":{"line":44,"column":9}}]},"5":{"line":46,"type":"if","locations":[{"start":{"line":46,"column":12},"end":{"line":46,"column":12}},{"start":{"line":46,"column":12},"end":{"line":46,"column":12}}]}}},"C:\\Users\\LENOVO PC\\Documents\\Andela\\GitExercise\\bootcamp24\\postIt\\server\\models\\index.js":{"path":"C:\\Users\\LENOVO PC\\Documents\\Andela\\GitExercise\\bootcamp24\\postIt\\server\\models\\index.js","s":{"1":1,"2":1,"3":1,"4":1,"5":1,"6":1,"7":1,"8":1,"9":1,"10":1,"11":4,"12":1,"13":1,"14":1,"15":1,"16":1,"17":1,"18":0,"19":1,"20":1,"21":5,"22":4,"23":4,"24":1,"25":4,"26":3,"27":1,"28":1,"29":1},"b":{"1":[0,4],"2":[4,4],"3":[1,0],"4":[0,1],"5":[5,5,4],"6":[3,1]},"f":{"1":4,"2":5,"3":4,"4":4},"fnMap":{"1":{"name":"_interopRequireDefault","line":0,"loc":{"start":{"line":0,"column":0},"end":{"line":0,"column":0}},"skip":true},"2":{"name":"(anonymous_2)","line":21,"loc":{"start":{"line":21,"column":11},"end":{"line":21,"column":20}}},"3":{"name":"(anonymous_3)","line":24,"loc":{"start":{"line":24,"column":12},"end":{"line":24,"column":21}}},"4":{"name":"(anonymous_4)","line":29,"loc":{"start":{"line":29,"column":25},"end":{"line":29,"column":39}}}},"statementMap":{"1":{"start":{"line":0,"column":0},"end":{"line":0,"column":0},"skip":true},"2":{"start":{"line":2,"column":0},"end":{"line":null,"column":null}},"3":{"start":{"line":0,"column":0},"end":{"line":0,"column":0},"skip":true},"4":{"start":{"line":3,"column":0},"end":{"line":null,"column":null}},"5":{"start":{"line":0,"column":0},"end":{"line":0,"column":0},"skip":true},"6":{"start":{"line":4,"column":0},"end":{"line":null,"column":null}},"7":{"start":{"line":0,"column":0},"end":{"line":0,"column":0},"skip":true},"8":{"start":{"line":5,"column":0},"end":{"line":null,"column":null}},"9":{"start":{"line":0,"column":0},"end":{"line":0,"column":0},"skip":true},"10":{"start":{"line":0,"column":0},"end":{"line":0,"column":0},"skip":true},"11":{"start":{"line":0,"column":0},"end":{"line":0,"column":0},"skip":true},"12":{"start":{"line":7,"column":0},"end":{"line":null,"column":null}},"13":{"start":{"line":8,"column":0},"end":{"line":null,"column":null}},"14":{"start":{"line":9,"column":0},"end":{"line":null,"column":null}},"15":{"start":{"line":10,"column":0},"end":{"line":null,"column":null}},"16":{"start":{"line":11,"column":0},"end":{"line":null,"column":null}},"17":{"start":{"line":13,"column":0},"end":{"line":null,"column":null}},"18":{"start":{"line":14,"column":14},"end":{"line":null,"column":null},"skip":true},"19":{"start":{"line":16,"column":14},"end":{"line":null,"column":null}},"20":{"start":{"line":19,"column":0},"end":{"line":null,"column":null}},"21":{"start":{"line":22,"column":12},"end":{"line":null,"column":null}},"22":{"start":{"line":25,"column":8},"end":{"line":null,"column":null}},"23":{"start":{"line":26,"column":7},"end":{"line":null,"column":null}},"24":{"start":{"line":29,"column":0},"end":{"line":null,"column":null}},"25":{"start":{"line":30,"column":6},"end":{"line":null,"column":null}},"26":{"start":{"line":31,"column":7},"end":{"line":null,"column":null}},"27":{"start":{"line":35,"column":0},"end":{"line":null,"column":null}},"28":{"start":{"line":36,"column":0},"end":{"line":null,"column":null}},"29":{"start":{"line":38,"column":15},"end":{"line":null,"column":null}}},"branchMap":{"1":{"line":0,"type":"cond-expr","locations":[{"start":{"line":0,"column":0},"end":{"line":0,"column":0},"skip":true},{"start":{"line":0,"column":0},"end":{"line":0,"column":0},"skip":true}]},"2":{"line":0,"type":"binary-expr","locations":[{"start":{"line":0,"column":0},"end":{"line":0,"column":0},"skip":true},{"start":{"line":0,"column":0},"end":{"line":0,"column":0},"skip":true}]},"3":{"line":8,"type":"binary-expr","locations":[{"start":{"line":8,"column":18},"end":{"line":8,"column":18}},{"start":{"line":8,"column":42},"end":{"line":8,"column":0}}]},"4":{"line":13,"type":"if","locations":[{"start":{"line":13,"column":0},"end":{"line":13,"column":0}},{"start":{"line":13,"column":0},"end":{"line":13,"column":0}}]},"5":{"line":22,"type":"binary-expr","locations":[{"start":{"line":22,"column":12},"end":{"line":22,"column":11}},{"start":{"line":22,"column":41},"end":{"line":22,"column":11}},{"start":{"line":22,"column":64},"end":{"line":22,"column":4}}]},"6":{"line":30,"type":"if","locations":[{"start":{"line":30,"column":6},"end":{"line":30,"column":6}},{"start":{"line":30,"column":6},"end":{"line":30,"column":6}}]}}},"C:\\Users\\LENOVO PC\\Documents\\Andela\\GitExercise\\bootcamp24\\postIt\\server\\models\\group.js":{"path":"C:\\Users\\LENOVO PC\\Documents\\Andela\\GitExercise\\bootcamp24\\postIt\\server\\models\\group.js","s":{"1":1,"2":1,"3":1,"4":1,"5":1,"6":1,"7":1},"b":{},"f":{"1":1,"2":1},"fnMap":{"1":{"name":"(anonymous_1)","line":2,"loc":{"start":{"line":2,"column":15},"end":{"line":2,"column":40}}},"2":{"name":"(anonymous_2)","line":21,"loc":{"start":{"line":21,"column":20},"end":{"line":21,"column":31}}}},"statementMap":{"1":{"start":{"line":0,"column":0},"end":{"line":0,"column":0},"skip":true},"2":{"start":{"line":2,"column":15},"end":{"line":null,"column":null}},"3":{"start":{"line":3,"column":8},"end":{"line":null,"column":null}},"4":{"start":{"line":21,"column":8},"end":{"line":2,"column":40}},"5":{"start":{"line":23,"column":10},"end":{"line":21,"column":31}},"6":{"start":{"line":29,"column":10},"end":{"line":21,"column":31}},"7":{"start":{"line":37,"column":9},"end":{"line":null,"column":null}}},"branchMap":{}},"C:\\Users\\LENOVO PC\\Documents\\Andela\\GitExercise\\bootcamp24\\postIt\\server\\models\\groupusers.js":{"path":"C:\\Users\\LENOVO PC\\Documents\\Andela\\GitExercise\\bootcamp24\\postIt\\server\\models\\groupusers.js","s":{"1":1,"2":1,"3":1,"4":1},"b":{},"f":{"1":1},"fnMap":{"1":{"name":"(anonymous_1)","line":2,"loc":{"start":{"line":2,"column":15},"end":{"line":2,"column":40}}}},"statementMap":{"1":{"start":{"line":0,"column":0},"end":{"line":0,"column":0},"skip":true},"2":{"start":{"line":2,"column":15},"end":{"line":null,"column":null}},"3":{"start":{"line":3,"column":8},"end":{"line":null,"column":null}},"4":{"start":{"line":15,"column":9},"end":{"line":null,"column":null}}},"branchMap":{}},"C:\\Users\\LENOVO PC\\Documents\\Andela\\GitExercise\\bootcamp24\\postIt\\server\\models\\message.js":{"path":"C:\\Users\\LENOVO PC\\Documents\\Andela\\GitExercise\\bootcamp24\\postIt\\server\\models\\message.js","s":{"1":1,"2":1,"3":1,"4":1,"5":1,"6":1},"b":{},"f":{"1":1,"2":1},"fnMap":{"1":{"name":"(anonymous_1)","line":2,"loc":{"start":{"line":2,"column":15},"end":{"line":2,"column":41}}},"2":{"name":"(anonymous_2)","line":22,"loc":{"start":{"line":22,"column":22},"end":{"line":22,"column":34}}}},"statementMap":{"1":{"start":{"line":0,"column":0},"end":{"line":0,"column":0},"skip":true},"2":{"start":{"line":2,"column":15},"end":{"line":31,"column":3}},"3":{"start":{"line":3,"column":8},"end":{"line":2,"column":41}},"4":{"start":{"line":22,"column":10},"end":{"line":2,"column":41}},"5":{"start":{"line":23,"column":12},"end":{"line":22,"column":34}},"6":{"start":{"line":30,"column":9},"end":{"line":null,"column":null}}},"branchMap":{}},"C:\\Users\\LENOVO PC\\Documents\\Andela\\GitExercise\\bootcamp24\\postIt\\server\\models\\user.js":{"path":"C:\\Users\\LENOVO PC\\Documents\\Andela\\GitExercise\\bootcamp24\\postIt\\server\\models\\user.js","s":{"1":1,"2":1,"3":1,"4":1,"5":1,"6":1},"b":{},"f":{"1":1,"2":1},"fnMap":{"1":{"name":"(anonymous_1)","line":2,"loc":{"start":{"line":2,"column":15},"end":{"line":2,"column":41}}},"2":{"name":"(anonymous_2)","line":27,"loc":{"start":{"line":27,"column":19},"end":{"line":27,"column":31}}}},"statementMap":{"1":{"start":{"line":0,"column":0},"end":{"line":0,"column":0},"skip":true},"2":{"start":{"line":2,"column":15},"end":{"line":null,"column":null}},"3":{"start":{"line":3,"column":8},"end":{"line":2,"column":41}},"4":{"start":{"line":27,"column":7},"end":{"line":2,"column":41}},"5":{"start":{"line":28,"column":9},"end":{"line":27,"column":31}},"6":{"start":{"line":34,"column":9},"end":{"line":null,"column":null}}},"branchMap":{}},"C:\\Users\\LENOVO PC\\Documents\\Andela\\GitExercise\\bootcamp24\\postIt\\server\\controllers\\groups.js":{"path":"C:\\Users\\LENOVO PC\\Documents\\Andela\\GitExercise\\bootcamp24\\postIt\\server\\controllers\\groups.js","s":{"1":1,"2":1,"3":1,"4":1,"5":1,"6":1,"7":1,"8":1,"9":1,"10":1,"11":1,"12":1,"13":0,"14":2,"15":2,"16":2,"17":2,"18":1,"19":1,"20":1,"21":0,"22":0,"23":1,"24":1,"25":0,"26":1,"27":1,"28":0,"29":1,"30":0},"b":{"1":[1,0],"2":[1,1],"3":[1,1],"4":[0,1]},"f":{"1":1,"2":1,"3":1,"4":0,"5":2,"6":2,"7":1,"8":0,"9":0,"10":1,"11":1,"12":0,"13":1,"14":1,"15":0},"fnMap":{"1":{"name":"_interopRequireDefault","line":0,"loc":{"start":{"line":0,"column":0},"end":{"line":0,"column":0}},"skip":true},"2":{"name":"createGroup","line":11,"loc":{"start":{"line":11,"column":14},"end":{"line":11,"column":24}}},"3":{"name":"(anonymous_3)","line":17,"loc":{"start":{"line":17,"column":12},"end":{"line":17,"column":22}}},"4":{"name":"(anonymous_4)","line":22,"loc":{"start":{"line":22,"column":13},"end":{"line":null,"column":null}}},"5":{"name":"addUser","line":26,"loc":{"start":{"line":26,"column":10},"end":{"line":26,"column":20}}},"6":{"name":"(anonymous_6)","line":31,"loc":{"start":{"line":31,"column":12},"end":{"line":31,"column":22}}},"7":{"name":"(anonymous_7)","line":39,"loc":{"start":{"line":39,"column":16},"end":{"line":39,"column":22}}},"8":{"name":"(anonymous_8)","line":43,"loc":{"start":{"line":43,"column":19},"end":{"line":null,"column":null}}},"9":{"name":"(anonymous_9)","line":45,"loc":{"start":{"line":45,"column":15},"end":{"line":null,"column":null}}},"10":{"name":"listUsers","line":49,"loc":{"start":{"line":49,"column":12},"end":{"line":49,"column":22}}},"11":{"name":"(anonymous_11)","line":58,"loc":{"start":{"line":58,"column":10},"end":{"line":null,"column":null}}},"12":{"name":"(anonymous_12)","line":59,"loc":{"start":{"line":59,"column":11},"end":{"line":null,"column":null}}},"13":{"name":"groupMessages","line":63,"loc":{"start":{"line":63,"column":16},"end":{"line":63,"column":25}}},"14":{"name":"(anonymous_14)","line":75,"loc":{"start":{"line":75,"column":11},"end":{"line":75,"column":22}}},"15":{"name":"(anonymous_15)","line":81,"loc":{"start":{"line":81,"column":14},"end":{"line":81,"column":24}}}},"statementMap":{"1":{"start":{"line":0,"column":0},"end":{"line":0,"column":0},"skip":true},"2":{"start":{"line":2,"column":0},"end":{"line":null,"column":null}},"3":{"start":{"line":0,"column":0},"end":{"line":0,"column":0},"skip":true},"4":{"start":{"line":0,"column":0},"end":{"line":0,"column":0},"skip":true},"5":{"start":{"line":0,"column":0},"end":{"line":0,"column":0},"skip":true},"6":{"start":{"line":4,"column":0},"end":{"line":null,"column":null}},"7":{"start":{"line":5,"column":0},"end":{"line":null,"column":null}},"8":{"start":{"line":6,"column":0},"end":{"line":null,"column":null}},"9":{"start":{"line":7,"column":0},"end":{"line":null,"column":null}},"10":{"start":{"line":9,"column":15},"end":{"line":83,"column":3}},"11":{"start":{"line":12,"column":11},"end":{"line":null,"column":null}},"12":{"start":{"line":18,"column":12},"end":{"line":17,"column":22}},"13":{"start":{"line":22,"column":22},"end":{"line":null,"column":null}},"14":{"start":{"line":27,"column":10},"end":{"line":null,"column":null}},"15":{"start":{"line":28,"column":10},"end":{"line":null,"column":null}},"16":{"start":{"line":30,"column":11},"end":{"line":null,"column":null}},"17":{"start":{"line":32,"column":12},"end":{"line":31,"column":22}},"18":{"start":{"line":33,"column":17},"end":{"line":null,"column":null}},"19":{"start":{"line":35,"column":17},"end":{"line":null,"column":null}},"20":{"start":{"line":40,"column":16},"end":{"line":null,"column":null}},"21":{"start":{"line":43,"column":28},"end":{"line":null,"column":null}},"22":{"start":{"line":45,"column":24},"end":{"line":null,"column":null}},"23":{"start":{"line":50,"column":11},"end":{"line":null,"column":null}},"24":{"start":{"line":58,"column":18},"end":{"line":null,"column":null}},"25":{"start":{"line":59,"column":20},"end":{"line":null,"column":null}},"26":{"start":{"line":64,"column":11},"end":{"line":null,"column":null}},"27":{"start":{"line":76,"column":9},"end":{"line":75,"column":22}},"28":{"start":{"line":77,"column":12},"end":{"line":null,"column":null}},"29":{"start":{"line":79,"column":15},"end":{"line":null,"column":null}},"30":{"start":{"line":81,"column":30},"end":{"line":null,"column":null}}},"branchMap":{"1":{"line":0,"type":"cond-expr","locations":[{"start":{"line":0,"column":0},"end":{"line":0,"column":0},"skip":true},{"start":{"line":0,"column":0},"end":{"line":0,"column":0},"skip":true}]},"2":{"line":0,"type":"binary-expr","locations":[{"start":{"line":0,"column":0},"end":{"line":0,"column":0},"skip":true},{"start":{"line":0,"column":0},"end":{"line":0,"column":0},"skip":true}]},"3":{"line":32,"type":"if","locations":[{"start":{"line":32,"column":12},"end":{"line":32,"column":12}},{"start":{"line":32,"column":12},"end":{"line":32,"column":12}}]},"4":{"line":76,"type":"if","locations":[{"start":{"line":76,"column":9},"end":{"line":76,"column":9}},{"start":{"line":76,"column":9},"end":{"line":76,"column":9}}]}}},"C:\\Users\\LENOVO PC\\Documents\\Andela\\GitExercise\\bootcamp24\\postIt\\server\\controllers\\messages.js":{"path":"C:\\Users\\LENOVO PC\\Documents\\Andela\\GitExercise\\bootcamp24\\postIt\\server\\controllers\\messages.js","s":{"1":1,"2":1,"3":1,"4":1,"5":1,"6":1,"7":1,"8":1,"9":2,"10":2,"11":1,"12":1,"13":1,"14":0,"15":0,"16":1,"17":1,"18":0},"b":{"1":[1,0],"2":[1,1],"3":[1,1]},"f":{"1":1,"2":2,"3":2,"4":1,"5":0,"6":0,"7":1,"8":1,"9":0},"fnMap":{"1":{"name":"_interopRequireDefault","line":0,"loc":{"start":{"line":0,"column":0},"end":{"line":0,"column":0}},"skip":true},"2":{"name":"sendMessage","line":8,"loc":{"start":{"line":8,"column":14},"end":{"line":8,"column":23}}},"3":{"name":"(anonymous_3)","line":10,"loc":{"start":{"line":10,"column":11},"end":{"line":10,"column":21}}},"4":{"name":"(anonymous_4)","line":18,"loc":{"start":{"line":18,"column":17},"end":{"line":18,"column":30}}},"5":{"name":"(anonymous_5)","line":22,"loc":{"start":{"line":22,"column":18},"end":{"line":null,"column":null}}},"6":{"name":"(anonymous_6)","line":24,"loc":{"start":{"line":24,"column":14},"end":{"line":null,"column":null}}},"7":{"name":"getMessages","line":28,"loc":{"start":{"line":28,"column":14},"end":{"line":28,"column":23}}},"8":{"name":"(anonymous_8)","line":36,"loc":{"start":{"line":36,"column":13},"end":{"line":36,"column":26}}},"9":{"name":"(anonymous_9)","line":38,"loc":{"start":{"line":38,"column":14},"end":{"line":null,"column":null}}}},"statementMap":{"1":{"start":{"line":0,"column":0},"end":{"line":0,"column":0},"skip":true},"2":{"start":{"line":1,"column":0},"end":{"line":null,"column":null}},"3":{"start":{"line":0,"column":0},"end":{"line":0,"column":0},"skip":true},"4":{"start":{"line":0,"column":0},"end":{"line":0,"column":0},"skip":true},"5":{"start":{"line":0,"column":0},"end":{"line":0,"column":0},"skip":true},"6":{"start":{"line":3,"column":0},"end":{"line":null,"column":null}},"7":{"start":{"line":4,"column":0},"end":{"line":null,"column":null}},"8":{"start":{"line":6,"column":15},"end":{"line":41,"column":3}},"9":{"start":{"line":9,"column":11},"end":{"line":null,"column":null}},"10":{"start":{"line":11,"column":9},"end":{"line":10,"column":21}},"11":{"start":{"line":12,"column":12},"end":{"line":null,"column":null}},"12":{"start":{"line":14,"column":15},"end":{"line":null,"column":null}},"13":{"start":{"line":19,"column":14},"end":{"line":18,"column":30}},"14":{"start":{"line":22,"column":27},"end":{"line":null,"column":null}},"15":{"start":{"line":24,"column":23},"end":{"line":null,"column":null}},"16":{"start":{"line":29,"column":11},"end":{"line":null,"column":null}},"17":{"start":{"line":37,"column":10},"end":{"line":null,"column":null}},"18":{"start":{"line":38,"column":23},"end":{"line":null,"column":null}}},"branchMap":{"1":{"line":0,"type":"cond-expr","locations":[{"start":{"line":0,"column":0},"end":{"line":0,"column":0},"skip":true},{"start":{"line":0,"column":0},"end":{"line":0,"column":0},"skip":true}]},"2":{"line":0,"type":"binary-expr","locations":[{"start":{"line":0,"column":0},"end":{"line":0,"column":0},"skip":true},{"start":{"line":0,"column":0},"end":{"line":0,"column":0},"skip":true}]},"3":{"line":11,"type":"if","locations":[{"start":{"line":11,"column":9},"end":{"line":11,"column":9}},{"start":{"line":11,"column":9},"end":{"line":11,"column":9}}]}}}}