TN:
SF:C:\Users\LENOVO PC\Documents\Andela\GitExercise\bootcamp24\postIt\server\app.js
FN:20,(anonymous_2)
FNF:1
FNH:1
FNDA:1,(anonymous_2)
DA:2,1
DA:3,1
DA:4,1
DA:5,1
DA:7,1
DA:9,1
DA:10,1
DA:12,1
DA:13,1
DA:16,1
DA:18,1
DA:20,1
DA:21,1
DA:24,1
LF:14
LH:14
BRDA:12,3,0,0
BRDA:12,3,1,1
BRDA:18,4,0,1
BRDA:18,4,1,1
BRF:4
BRH:3
end_of_record
TN:
SF:C:\Users\LENOVO PC\Documents\Andela\GitExercise\bootcamp24\postIt\server\routes\index.js
FN:7,routes
FN:9,(anonymous_3)
FNF:2
FNH:2
FNDA:1,routes
FNDA:1,(anonymous_3)
DA:1,1
DA:3,1
DA:4,1
DA:5,1
DA:7,1
DA:9,1
DA:12,1
DA:13,1
DA:14,1
DA:15,1
DA:16,1
DA:17,1
DA:18,1
DA:19,1
DA:20,1
DA:24,1
LF:16
LH:16
BRF:0
BRH:0
end_of_record
TN:
SF:C:\Users\LENOVO PC\Documents\Andela\GitExercise\bootcamp24\postIt\server\controllers\index.js
FNF:0
FNH:0
DA:2,1
DA:3,1
DA:4,1
DA:6,1
LF:4
LH:4
BRF:0
BRH:0
end_of_record
TN:
SF:C:\Users\LENOVO PC\Documents\Andela\GitExercise\bootcamp24\postIt\server\controllers\users.js
FN:11,signup
FN:17,(anonymous_3)
FN:28,(anonymous_4)
FN:33,(anonymous_5)
FN:35,(anonymous_6)
FN:39,login
FN:43,(anonymous_8)
FN:52,(anonymous_9)
FN:56,list
FN:64,(anonymous_11)
FN:65,(anonymous_12)
FNF:11
FNH:7
FNDA:2,signup
FNDA:2,(anonymous_3)
FNDA:1,(anonymous_4)
FNDA:0,(anonymous_5)
FNDA:0,(anonymous_6)
FNDA:3,login
FNDA:3,(anonymous_8)
FNDA:0,(anonymous_9)
FNDA:1,list
FNDA:1,(anonymous_11)
FNDA:0,(anonymous_12)
DA:2,1
DA:3,1
DA:5,1
DA:6,1
DA:7,1
DA:9,1
DA:12,2
DA:18,2
DA:19,1
DA:22,1
DA:29,1
DA:33,0
DA:35,0
DA:40,3
DA:44,3
DA:45,1
DA:46,2
DA:47,1
DA:50,1
DA:52,0
DA:57,1
DA:64,1
DA:65,0
LF:23
LH:19
BRDA:18,3,0,1
BRDA:18,3,1,1
BRDA:44,4,0,1
BRDA:44,4,1,2
BRDA:46,5,0,1
BRDA:46,5,1,1
BRF:6
BRH:6
end_of_record
TN:
SF:C:\Users\LENOVO PC\Documents\Andela\GitExercise\bootcamp24\postIt\server\models\index.js
FN:21,(anonymous_2)
FN:24,(anonymous_3)
FN:29,(anonymous_4)
FNF:3
FNH:3
FNDA:5,(anonymous_2)
FNDA:4,(anonymous_3)
FNDA:4,(anonymous_4)
DA:2,1
DA:3,1
DA:4,1
DA:5,1
DA:7,1
DA:8,1
DA:9,1
DA:10,1
DA:11,1
DA:13,1
DA:14,1
DA:16,1
DA:19,1
DA:22,5
DA:25,4
DA:26,4
DA:29,1
DA:30,4
DA:31,3
DA:35,1
DA:36,1
DA:38,1
LF:22
LH:22
BRDA:8,3,0,1
BRDA:8,3,1,0
BRDA:13,4,0,0
BRDA:13,4,1,1
BRDA:22,5,0,5
BRDA:22,5,1,5
BRDA:22,5,2,4
BRDA:30,6,0,3
BRDA:30,6,1,1
BRF:9
BRH:7
end_of_record
TN:
SF:C:\Users\LENOVO PC\Documents\Andela\GitExercise\bootcamp24\postIt\server\models\group.js
FN:2,(anonymous_1)
FN:21,(anonymous_2)
FNF:2
FNH:2
FNDA:1,(anonymous_1)
FNDA:1,(anonymous_2)
DA:2,1
DA:3,1
DA:21,1
DA:23,1
DA:29,1
DA:37,1
LF:6
LH:6
BRF:0
BRH:0
end_of_record
TN:
SF:C:\Users\LENOVO PC\Documents\Andela\GitExercise\bootcamp24\postIt\server\models\groupusers.js
FN:2,(anonymous_1)
FNF:1
FNH:1
FNDA:1,(anonymous_1)
DA:2,1
DA:3,1
DA:15,1
LF:3
LH:3
BRF:0
BRH:0
end_of_record
TN:
SF:C:\Users\LENOVO PC\Documents\Andela\GitExercise\bootcamp24\postIt\server\models\message.js
FN:2,(anonymous_1)
FN:22,(anonymous_2)
FNF:2
FNH:2
FNDA:1,(anonymous_1)
FNDA:1,(anonymous_2)
DA:2,1
DA:3,1
DA:22,1
DA:23,1
DA:30,1
LF:5
LH:5
BRF:0
BRH:0
end_of_record
TN:
SF:C:\Users\LENOVO PC\Documents\Andela\GitExercise\bootcamp24\postIt\server\models\user.js
FN:2,(anonymous_1)
FN:27,(anonymous_2)
FNF:2
FNH:2
FNDA:1,(anonymous_1)
FNDA:1,(anonymous_2)
DA:2,1
DA:3,1
DA:27,1
DA:28,1
DA:34,1
LF:5
LH:5
BRF:0
BRH:0
end_of_record
TN:
SF:C:\Users\LENOVO PC\Documents\Andela\GitExercise\bootcamp24\postIt\server\controllers\groups.js
FN:11,createGroup
FN:17,(anonymous_3)
FN:22,(anonymous_4)
FN:26,addUser
FN:31,(anonymous_6)
FN:39,(anonymous_7)
FN:43,(anonymous_8)
FN:45,(anonymous_9)
FN:49,listUsers
FN:58,(anonymous_11)
FN:59,(anonymous_12)
FN:63,groupMessages
FN:75,(anonymous_14)
FN:81,(anonymous_15)
FNF:14
FNH:9
FNDA:1,createGroup
FNDA:1,(anonymous_3)
FNDA:0,(anonymous_4)
FNDA:2,addUser
FNDA:2,(anonymous_6)
FNDA:1,(anonymous_7)
FNDA:0,(anonymous_8)
FNDA:0,(anonymous_9)
FNDA:1,listUsers
FNDA:1,(anonymous_11)
FNDA:0,(anonymous_12)
FNDA:1,groupMessages
FNDA:1,(anonymous_14)
FNDA:0,(anonymous_15)
DA:2,1
DA:4,1
DA:5,1
DA:6,1
DA:7,1
DA:9,1
DA:12,1
DA:18,1
DA:22,0
DA:27,2
DA:28,2
DA:30,2
DA:32,2
DA:33,1
DA:35,1
DA:40,1
DA:43,0
DA:45,0
DA:50,1
DA:58,1
DA:59,0
DA:64,1
DA:76,1
DA:77,0
DA:79,1
DA:81,0
LF:26
LH:20
BRDA:32,3,0,1
BRDA:32,3,1,1
BRDA:76,4,0,0
BRDA:76,4,1,1
BRF:4
BRH:3
end_of_record
TN:
SF:C:\Users\LENOVO PC\Documents\Andela\GitExercise\bootcamp24\postIt\server\controllers\messages.js
FN:8,sendMessage
FN:10,(anonymous_3)
FN:18,(anonymous_4)
FN:22,(anonymous_5)
FN:24,(anonymous_6)
FN:28,getMessages
FN:36,(anonymous_8)
FN:38,(anonymous_9)
FNF:8
FNH:5
FNDA:2,sendMessage
FNDA:2,(anonymous_3)
FNDA:1,(anonymous_4)
FNDA:0,(anonymous_5)
FNDA:0,(anonymous_6)
FNDA:1,getMessages
FNDA:1,(anonymous_8)
FNDA:0,(anonymous_9)
DA:1,1
DA:3,1
DA:4,1
DA:6,1
DA:9,2
DA:11,2
DA:12,1
DA:14,1
DA:19,1
DA:22,0
DA:24,0
DA:29,1
DA:37,1
DA:38,0
LF:14
LH:11
BRDA:11,3,0,1
BRDA:11,3,1,1
BRF:2
BRH:2
end_of_record
